-------------------------------------------------------------------------------
Test set: com.example.StudentCrud.StudentCrudApplicationTests
-------------------------------------------------------------------------------
Tests run: 1, Failures: 0, Errors: 1, Skipped: 0, Time elapsed: 4.645 s <<< FAILURE! - in com.example.StudentCrud.StudentCrudApplicationTests
com.example.StudentCrud.StudentCrudApplicationTests  Time elapsed: 4.641 s  <<< ERROR!
java.lang.IllegalStateException: Unable to find a @SpringBootConfiguration, you need to use @ContextConfiguration or @SpringBootTest(classes=...) with your test

